<?xml version="1.0" encoding="UTF-8"?>
<testng-results skipped="0" failed="0" ignored="0" total="2" passed="2">
  <reporter-output>
  </reporter-output>
  <suite name="Default suite" duration-ms="31804" started-at="2019-02-11T05:14:38Z" finished-at="2019-02-11T05:15:10Z">
    <groups>
    </groups>
    <test name="Default test" duration-ms="31804" started-at="2019-02-11T05:14:38Z" finished-at="2019-02-11T05:15:10Z">
      <class name="testweboperations.automate_naukri">
        <test-method status="PASS" signature="beforeTest()[pri:0, instance:testweboperations.automate_naukri@4cc0edeb]" name="beforeTest" is-config="true" duration-ms="11186" started-at="2019-02-11T05:14:38Z" finished-at="2019-02-11T05:14:49Z">
          <reporter-output>
          </reporter-output>
        </test-method> <!-- beforeTest -->
        <test-method status="PASS" signature="closewindow()[pri:0, instance:testweboperations.automate_naukri@4cc0edeb]" name="closewindow" duration-ms="11325" started-at="2019-02-11T05:14:49Z" finished-at="2019-02-11T05:15:01Z">
          <reporter-output>
          </reporter-output>
        </test-method> <!-- closewindow -->
        <test-method status="PASS" signature="login()[pri:1, instance:testweboperations.automate_naukri@4cc0edeb]" name="login" duration-ms="9259" started-at="2019-02-11T05:15:01Z" finished-at="2019-02-11T05:15:10Z">
          <reporter-output>
          </reporter-output>
        </test-method> <!-- login -->
        <test-method status="PASS" signature="afterTest()[pri:0, instance:testweboperations.automate_naukri@4cc0edeb]" name="afterTest" is-config="true" duration-ms="0" started-at="2019-02-11T05:15:10Z" finished-at="2019-02-11T05:15:10Z">
          <reporter-output>
          </reporter-output>
        </test-method> <!-- afterTest -->
      </class> <!-- testweboperations.automate_naukri -->
    </test> <!-- Default test -->
  </suite> <!-- Default suite -->
</testng-results>
